[INFO ] 2021-10-07 06:18:06.822 [main] HomePageEvents - Clicking on Spend & Save
[INFO ] 2021-10-07 06:18:09.759 [main] ProductsPageEvents - Aspiration and Aspiration Plus seen: Aspiration and Aspiration Plus
[INFO ] 2021-10-07 06:18:10.083 [main] ProductsPageEvents - Clicking Get Aspiration and checking input field
[INFO ] 2021-10-07 06:18:10.189 [main] ProductsPageEvents - Exiting Get Aspiration Popup
[INFO ] 2021-10-07 06:18:10.275 [main] ProductsPageEvents - Clicking Get Aspiration Plus
[INFO ] 2021-10-07 06:18:10.389 [main] ProductsPageEvents - Only monthly text seen
[INFO ] 2021-10-07 06:22:32.848 [main] HomePageEvents - Clicking on Spend & Save
[INFO ] 2021-10-07 06:22:35.201 [main] ProductsPageEvents - Aspiration and Aspiration Plus seen: Aspiration and Aspiration Plus
[INFO ] 2021-10-07 06:22:35.540 [main] ProductsPageEvents - Clicking Get Aspiration and checking input field
[INFO ] 2021-10-07 06:22:35.639 [main] ProductsPageEvents - Exiting Get Aspiration Popup
[INFO ] 2021-10-07 06:22:35.736 [main] ProductsPageEvents - Clicking Get Aspiration Plus
[INFO ] 2021-10-07 06:22:35.861 [main] ProductsPageEvents - Yearly and Monthly radio option verified: $71.88 paid once yearly and $7.99 paid monthly
[INFO ] 2021-10-07 06:47:46.836 [main] HomePageEvents - Clicking on Spend & Save
[INFO ] 2021-10-07 06:47:49.212 [main] ProductsPageEvents - Aspiration and Aspiration Plus seen: Aspiration and Aspiration Plus
[INFO ] 2021-10-07 06:47:49.523 [main] ProductsPageEvents - Clicking Get Aspiration and checking input field
[INFO ] 2021-10-07 06:47:49.612 [main] ProductsPageEvents - Exiting Get Aspiration Popup
[INFO ] 2021-10-07 06:47:49.708 [main] ProductsPageEvents - Clicking Get Aspiration Plus
[INFO ] 2021-10-07 06:47:49.829 [main] ProductsPageEvents - Yearly and Monthly radio option verified: $71.88 paid once yearly and $7.99 paid monthly
[INFO ] 2021-10-07 10:08:19.355 [main] HomePageEvents - Clicking on Spend & Save
[INFO ] 2021-10-07 10:08:21.734 [main] ProductsPageEvents - Aspiration and Aspiration Plus seen: Aspiration and Aspiration Plus
[INFO ] 2021-10-07 10:08:22.060 [main] ProductsPageEvents - Clicking Get Aspiration and checking input field
[INFO ] 2021-10-07 10:08:22.154 [main] ProductsPageEvents - Exiting Get Aspiration Popup
[INFO ] 2021-10-07 10:08:22.251 [main] ProductsPageEvents - Clicking Get Aspiration Plus
[INFO ] 2021-10-07 10:08:22.378 [main] ProductsPageEvents - Yearly and Monthly radio option verified: $71.88 paid once yearly and $7.99 paid monthly
